<?xml version="1.0" encoding="UTF-8"?>
<!-- Generated by org.testng.reporters.JUnitReportReporter -->
<testsuite hostname="srinivas" failures="0" tests="1" name="tests.LoginTest" time="3.943" errors="0" timestamp="2025-07-10T22:34:29 IST" skipped="0">
  <testcase classname="tests.LoginTest" name="testValidLogin" time="3.943"/>
</testsuite> <!-- tests.LoginTest -->
